<?xml version="1.0" encoding="UTF-8"?>
<!-- Generated by org.testng.reporters.JUnitXMLReporter -->
<testsuite hostname="XNZX-PC-079-A" ignored="0" name="test1" tests="28" failures="4" timestamp="09 八月 2019 02:46:46 GMT" time="59.879" errors="0">
  <testcase name="f" time="3.637" classname="com.testing.testng.dataDriven"/>
  <testcase name="f" time="0.372" classname="com.testing.testng.dataDriven"/>
  <testcase name="f" time="1.0" classname="com.testing.testng.dataDriven"/>
  <testcase name="f" time="0.122" classname="com.testing.testng.dataDriven"/>
  <testcase name="f" time="0.112" classname="com.testing.testng.dataDriven"/>
  <testcase name="f" time="0.774" classname="com.testing.testng.dataDriven"/>
  <testcase name="f" time="0.276" classname="com.testing.testng.dataDriven"/>
  <testcase name="f" time="0.058" classname="com.testing.testng.dataDriven"/>
  <testcase name="f" time="1.009" classname="com.testing.testng.dataDriven"/>
  <testcase name="f" time="0.198" classname="com.testing.testng.dataDriven"/>
  <testcase name="f" time="0.118" classname="com.testing.testng.dataDriven"/>
  <testcase name="f" time="1.009" classname="com.testing.testng.dataDriven"/>
  <testcase name="f" time="0.117" classname="com.testing.testng.dataDriven"/>
  <testcase name="f" time="1.001" classname="com.testing.testng.dataDriven"/>
  <testcase name="f" time="0.142" classname="com.testing.testng.dataDriven"/>
  <testcase name="f" time="0.138" classname="com.testing.testng.dataDriven"/>
  <testcase name="f" time="0.144" classname="com.testing.testng.dataDriven"/>
  <testcase name="f" time="0.239" classname="com.testing.testng.dataDriven"/>
  <testcase name="f" time="0.337" classname="com.testing.testng.dataDriven"/>
  <testcase name="f" time="0.743" classname="com.testing.testng.dataDriven"/>
  <testcase name="f" time="2.506" classname="com.testing.testng.dataDriven"/>
  <testcase name="f" time="2.129" classname="com.testing.testng.dataDriven"/>
  <testcase name="f" time="0.664" classname="com.testing.testng.dataDriven"/>
  <testcase name="f" time="10.605" classname="com.testing.testng.dataDriven">
    <failure type="java.lang.AssertionError" message="expected [pass] but found [fail]">
      <![CDATA[java.lang.AssertionError: expected [pass] but found [fail]
at com.testing.testng.dataDriven.f(dataDriven.java:42)
... Removed 30 stack frames]]>
    </failure>
  </testcase> <!-- f -->
  <testcase name="f" time="10.523" classname="com.testing.testng.dataDriven">
    <failure type="java.lang.AssertionError" message="expected [pass] but found [fail]">
      <![CDATA[java.lang.AssertionError: expected [pass] but found [fail]
at com.testing.testng.dataDriven.f(dataDriven.java:42)
... Removed 30 stack frames]]>
    </failure>
  </testcase> <!-- f -->
  <testcase name="f" time="10.485" classname="com.testing.testng.dataDriven">
    <failure type="java.lang.AssertionError" message="expected [pass] but found [fail]">
      <![CDATA[java.lang.AssertionError: expected [pass] but found [fail]
at com.testing.testng.dataDriven.f(dataDriven.java:42)
... Removed 30 stack frames]]>
    </failure>
  </testcase> <!-- f -->
  <testcase name="f" time="10.524" classname="com.testing.testng.dataDriven">
    <failure type="java.lang.AssertionError" message="expected [pass] but found [fail]">
      <![CDATA[java.lang.AssertionError: expected [pass] but found [fail]
at com.testing.testng.dataDriven.f(dataDriven.java:42)
... Removed 30 stack frames]]>
    </failure>
  </testcase> <!-- f -->
  <testcase name="f" time="0.763" classname="com.testing.testng.dataDriven"/>
</testsuite> <!-- test1 -->
